<?xml version="1.0" encoding="UTF-8"?>
<testng-results ignored="0" total="1" passed="1" failed="0" skipped="0">
  <reporter-output>
  </reporter-output>
  <suite started-at="2020-12-28T23:51:56 CLST" name="Default suite" finished-at="2020-12-28T23:52:17 CLST" duration-ms="20840">
    <groups>
    </groups>
    <test started-at="2020-12-28T23:51:56 CLST" name="Default test" finished-at="2020-12-28T23:52:17 CLST" duration-ms="20840">
      <class name="cl.oneapp.pom.test.TestLogin">
        <test-method is-config="true" signature="beforeClass()[pri:0, instance:cl.oneapp.pom.test.TestLogin@6ce139a4]" started-at="2020-12-28T23:51:56 CLST" name="beforeClass" finished-at="2020-12-28T23:52:06 CLST" duration-ms="9439" status="PASS">
          <reporter-output>
          </reporter-output>
        </test-method> <!-- beforeClass -->
        <test-method signature="Test_1_ingresoUsuarios()[pri:0, instance:cl.oneapp.pom.test.TestLogin@6ce139a4]" started-at="2020-12-28T23:52:06 CLST" name="Test_1_ingresoUsuarios" finished-at="2020-12-28T23:52:16 CLST" duration-ms="10489" status="PASS">
          <reporter-output>
          </reporter-output>
        </test-method> <!-- Test_1_ingresoUsuarios -->
        <test-method is-config="true" signature="afterClass()[pri:0, instance:cl.oneapp.pom.test.TestLogin@6ce139a4]" started-at="2020-12-28T23:52:16 CLST" name="afterClass" finished-at="2020-12-28T23:52:17 CLST" duration-ms="832" status="PASS">
          <reporter-output>
          </reporter-output>
        </test-method> <!-- afterClass -->
      </class> <!-- cl.oneapp.pom.test.TestLogin -->
    </test> <!-- Default test -->
  </suite> <!-- Default suite -->
</testng-results>
