<?xml version="1.0" encoding="UTF-8"?>
<!-- Generated by org.testng.reporters.JUnitXMLReporter -->
<testsuite ignored="0" hostname="DESKTOP-EF30T9L" failures="0" tests="1" name="Test" time="0.051" errors="0" timestamp="2020-12-25T22:02:06 CLST">
  <testcase classname="cl.oneapp.pom.test.TestLogin" name="@BeforeClass beforeClass" time="0.011">
    <failure type="java.lang.NullPointerException">
      <![CDATA[java.lang.NullPointerException
at cl.oneapp.pom.test.Base.visit(Base.java:92)
at cl.oneapp.pom.test.TestLogin.beforeClass(TestLogin.java:19)
at java.base/java.util.ArrayList.forEach(ArrayList.java:1511)
... Removed 25 stack frames]]>
    </failure>
  </testcase> <!-- @BeforeClass beforeClass -->
  <testcase classname="cl.oneapp.pom.test.TestLogin" name="@AfterClass afterClass" time="-1.608944526232E9">
    <skipped/>
  </testcase> <!-- @AfterClass afterClass -->
  <testcase classname="cl.oneapp.pom.test.TestLogin" name="Test_1_ingresoUsuario" time="0.0">
    <skipped/>
  </testcase> <!-- Test_1_ingresoUsuario -->
</testsuite> <!-- Test -->
